2025-02-18 00:17:03,885 - SistemaPonto - INFO - Iniciando Sistema de Ponto
2025-02-18 00:17:07,350 - SistemaPonto - INFO - Sistema iniciado
2025-02-18 00:17:07,350 - SistemaPonto - INFO - Sistema iniciado e aguardando
2025-02-18 00:21:23,495 - SistemaPonto - INFO - Iniciando Sistema de Ponto
2025-02-18 00:21:27,689 - SistemaPonto - INFO - Sistema iniciado
2025-02-18 00:21:27,689 - SistemaPonto - INFO - Sistema iniciado e aguardando
2025-02-18 00:21:57,700 - SistemaPonto - INFO - Iniciando Sistema de Ponto
2025-02-18 00:22:01,654 - SistemaPonto - INFO - Sistema iniciado
2025-02-18 00:22:01,655 - SistemaPonto - INFO - Sistema iniciado e aguardando
2025-02-18 00:28:24,111 - SistemaPonto - INFO - Iniciando Sistema de Ponto
2025-02-18 00:28:27,844 - SistemaPonto - INFO - Sistema iniciado
2025-02-18 00:28:27,845 - SistemaPonto - INFO - Sistema iniciado e aguardando
2025-02-18 00:28:54,392 - SistemaPonto - INFO - Iniciando Sistema de Ponto
2025-02-18 00:28:58,177 - SistemaPonto - INFO - Sistema iniciado
2025-02-18 00:28:58,178 - SistemaPonto - INFO - Sistema iniciado e aguardando
2025-02-18 00:29:13,456 - SistemaPonto - INFO - Iniciando Sistema de Ponto
2025-02-18 00:29:16,978 - SistemaPonto - INFO - Sistema iniciado
2025-02-18 00:29:16,978 - SistemaPonto - INFO - Sistema iniciado e aguardando
2025-02-18 00:29:30,443 - SistemaPonto - INFO - Iniciando Sistema de Ponto
2025-02-18 00:29:33,866 - SistemaPonto - INFO - Sistema iniciado
2025-02-18 00:29:33,867 - SistemaPonto - INFO - Sistema iniciado e aguardando
2025-02-18 00:29:54,871 - SistemaPonto - INFO - Iniciando Sistema de Ponto
2025-02-18 00:29:58,739 - SistemaPonto - INFO - Sistema iniciado
2025-02-18 00:29:58,740 - SistemaPonto - INFO - Sistema iniciado e aguardando
2025-02-18 00:30:20,623 - SistemaPonto - INFO - Iniciando Sistema de Ponto
2025-02-18 00:30:24,384 - SistemaPonto - INFO - Sistema iniciado
2025-02-18 00:30:24,384 - SistemaPonto - INFO - Sistema iniciado e aguardando
2025-02-18 00:37:34,750 - SistemaPonto - INFO - Iniciando Sistema de Ponto
2025-02-18 00:37:38,406 - SistemaPonto - INFO - Sistema iniciado
2025-02-18 00:37:38,407 - SistemaPonto - INFO - Sistema iniciado e aguardando
2025-02-18 00:38:16,743 - SistemaPonto - INFO - Sistema pausado
2025-02-18 00:38:21,744 - SistemaPonto - INFO - Sistema pausado
2025-02-18 00:38:26,745 - SistemaPonto - INFO - Sistema pausado
2025-02-18 00:38:31,746 - SistemaPonto - INFO - Sistema pausado
2025-02-18 00:38:36,747 - SistemaPonto - INFO - Sistema pausado
2025-02-18 00:38:41,748 - SistemaPonto - INFO - Sistema pausado
2025-02-18 00:38:46,749 - SistemaPonto - INFO - Sistema pausado
2025-02-18 00:38:51,750 - SistemaPonto - INFO - Sistema pausado
2025-02-18 00:38:56,750 - SistemaPonto - INFO - Sistema pausado
2025-02-18 00:39:01,751 - SistemaPonto - INFO - Sistema pausado
2025-02-18 00:39:06,752 - SistemaPonto - INFO - Sistema pausado
2025-02-18 00:39:11,753 - SistemaPonto - INFO - Sistema pausado
2025-02-18 00:39:16,754 - SistemaPonto - INFO - Sistema pausado
2025-02-18 00:39:21,755 - SistemaPonto - INFO - Sistema pausado
2025-02-18 00:39:26,756 - SistemaPonto - INFO - Sistema pausado
2025-02-18 00:39:31,758 - SistemaPonto - INFO - Sistema pausado
2025-02-18 00:39:36,759 - SistemaPonto - INFO - Sistema pausado
2025-02-18 00:39:41,760 - SistemaPonto - INFO - Sistema pausado
2025-02-18 00:39:46,760 - SistemaPonto - INFO - Sistema pausado
2025-02-18 00:39:51,761 - SistemaPonto - INFO - Sistema pausado
2025-02-18 00:39:56,762 - SistemaPonto - INFO - Sistema pausado
2025-02-18 00:40:01,762 - SistemaPonto - INFO - Sistema pausado
2025-02-18 00:40:06,763 - SistemaPonto - INFO - Sistema pausado
2025-02-18 00:40:11,763 - SistemaPonto - INFO - Sistema pausado
2025-02-18 00:40:16,764 - SistemaPonto - INFO - Sistema pausado
2025-02-18 00:40:21,764 - SistemaPonto - INFO - Sistema pausado
2025-02-18 00:40:26,765 - SistemaPonto - INFO - Sistema pausado
2025-02-18 00:40:31,766 - SistemaPonto - INFO - Sistema pausado
2025-02-18 00:40:36,767 - SistemaPonto - INFO - Sistema pausado
2025-02-18 00:40:41,767 - SistemaPonto - INFO - Sistema pausado
2025-02-18 00:40:46,768 - SistemaPonto - INFO - Sistema pausado
2025-02-18 00:40:51,768 - SistemaPonto - INFO - Sistema pausado
2025-02-18 00:40:56,769 - SistemaPonto - INFO - Sistema pausado
2025-02-18 00:41:01,770 - SistemaPonto - INFO - Sistema pausado
2025-02-18 00:41:06,771 - SistemaPonto - INFO - Sistema pausado
2025-02-18 00:41:11,772 - SistemaPonto - INFO - Sistema pausado
2025-02-18 00:41:16,772 - SistemaPonto - INFO - Sistema pausado
2025-02-18 00:41:21,773 - SistemaPonto - INFO - Sistema pausado
2025-02-18 00:41:26,774 - SistemaPonto - INFO - Sistema pausado
2025-02-18 00:41:31,775 - SistemaPonto - INFO - Sistema pausado
2025-02-18 00:41:36,776 - SistemaPonto - INFO - Sistema pausado
2025-02-18 00:41:41,777 - SistemaPonto - INFO - Sistema pausado
2025-02-18 00:41:46,778 - SistemaPonto - INFO - Sistema pausado
2025-02-18 00:41:51,778 - SistemaPonto - INFO - Sistema pausado
2025-02-18 00:41:56,779 - SistemaPonto - INFO - Sistema pausado
2025-02-18 00:42:01,780 - SistemaPonto - INFO - Sistema pausado
2025-02-18 00:42:06,781 - SistemaPonto - INFO - Sistema pausado
2025-02-18 00:42:11,782 - SistemaPonto - INFO - Sistema pausado
2025-02-18 00:42:16,782 - SistemaPonto - INFO - Sistema pausado
2025-02-18 00:42:21,783 - SistemaPonto - INFO - Sistema pausado
2025-02-18 00:42:26,784 - SistemaPonto - INFO - Sistema pausado
2025-02-18 00:42:31,785 - SistemaPonto - INFO - Sistema pausado
2025-02-18 00:42:36,785 - SistemaPonto - INFO - Sistema pausado
2025-02-18 00:42:41,786 - SistemaPonto - INFO - Sistema pausado
2025-02-18 00:42:46,787 - SistemaPonto - INFO - Sistema pausado
2025-02-18 00:42:51,788 - SistemaPonto - INFO - Sistema pausado
2025-02-18 00:42:56,789 - SistemaPonto - INFO - Sistema pausado
2025-02-18 00:43:01,789 - SistemaPonto - INFO - Sistema pausado
2025-02-18 00:43:06,790 - SistemaPonto - INFO - Sistema pausado
2025-02-18 00:43:11,790 - SistemaPonto - INFO - Sistema pausado
2025-02-18 00:43:16,791 - SistemaPonto - INFO - Sistema pausado
2025-02-18 00:43:21,792 - SistemaPonto - INFO - Sistema pausado
2025-02-18 00:43:26,793 - SistemaPonto - INFO - Sistema pausado
2025-02-18 00:43:31,794 - SistemaPonto - INFO - Sistema pausado
2025-02-18 00:43:36,795 - SistemaPonto - INFO - Sistema pausado
2025-02-18 00:43:41,795 - SistemaPonto - INFO - Sistema pausado
2025-02-18 00:43:46,797 - SistemaPonto - INFO - Sistema pausado
2025-02-18 00:43:51,797 - SistemaPonto - INFO - Sistema pausado
2025-02-18 00:43:56,798 - SistemaPonto - INFO - Sistema pausado
2025-02-18 00:44:01,799 - SistemaPonto - INFO - Sistema pausado
2025-02-18 00:44:06,800 - SistemaPonto - INFO - Sistema pausado
2025-02-18 00:44:11,801 - SistemaPonto - INFO - Sistema pausado
2025-02-18 00:44:16,802 - SistemaPonto - INFO - Sistema pausado
2025-02-18 00:44:21,803 - SistemaPonto - INFO - Sistema pausado
2025-02-18 00:44:26,803 - SistemaPonto - INFO - Sistema pausado
2025-02-18 00:44:31,804 - SistemaPonto - INFO - Sistema pausado
2025-02-18 00:44:36,805 - SistemaPonto - INFO - Sistema pausado
2025-02-18 00:44:41,805 - SistemaPonto - INFO - Sistema pausado
2025-02-18 00:44:46,806 - SistemaPonto - INFO - Sistema pausado
2025-02-18 00:44:51,807 - SistemaPonto - INFO - Sistema pausado
2025-02-18 00:44:56,808 - SistemaPonto - INFO - Sistema pausado
2025-02-18 00:45:01,809 - SistemaPonto - INFO - Sistema pausado
2025-02-18 00:45:06,810 - SistemaPonto - INFO - Sistema pausado
2025-02-18 00:45:11,810 - SistemaPonto - INFO - Sistema pausado
2025-02-18 00:45:16,811 - SistemaPonto - INFO - Sistema pausado
2025-02-18 00:45:21,811 - SistemaPonto - INFO - Sistema pausado
2025-02-18 00:45:26,812 - SistemaPonto - INFO - Sistema pausado
2025-02-18 00:45:31,812 - SistemaPonto - INFO - Sistema pausado
2025-02-18 00:45:36,813 - SistemaPonto - INFO - Sistema pausado
2025-02-18 00:45:41,813 - SistemaPonto - INFO - Sistema pausado
2025-02-18 00:45:46,814 - SistemaPonto - INFO - Sistema pausado
2025-02-18 00:45:51,814 - SistemaPonto - INFO - Sistema pausado
2025-02-18 00:45:56,815 - SistemaPonto - INFO - Sistema pausado
2025-02-18 00:46:01,816 - SistemaPonto - INFO - Sistema pausado
2025-02-18 00:46:06,817 - SistemaPonto - INFO - Sistema pausado
2025-02-18 00:46:11,817 - SistemaPonto - INFO - Sistema pausado
2025-02-18 00:46:16,818 - SistemaPonto - INFO - Sistema pausado
2025-02-18 00:46:21,819 - SistemaPonto - INFO - Sistema pausado
2025-02-18 00:46:26,819 - SistemaPonto - INFO - Sistema pausado
2025-02-18 00:46:31,820 - SistemaPonto - INFO - Sistema pausado
2025-02-18 00:46:36,821 - SistemaPonto - INFO - Sistema pausado
2025-02-18 00:46:41,822 - SistemaPonto - INFO - Sistema pausado
2025-02-18 00:46:46,822 - SistemaPonto - INFO - Sistema pausado
2025-02-18 00:46:51,823 - SistemaPonto - INFO - Sistema pausado
2025-02-18 00:46:56,823 - SistemaPonto - INFO - Sistema pausado
2025-02-18 00:47:01,824 - SistemaPonto - INFO - Sistema pausado
2025-02-18 00:47:06,825 - SistemaPonto - INFO - Sistema pausado
2025-02-18 00:47:11,825 - SistemaPonto - INFO - Sistema pausado
2025-02-18 00:47:16,826 - SistemaPonto - INFO - Sistema pausado
2025-02-18 00:47:21,827 - SistemaPonto - INFO - Sistema pausado
2025-02-18 00:47:26,827 - SistemaPonto - INFO - Sistema pausado
2025-02-18 00:47:31,828 - SistemaPonto - INFO - Sistema pausado
2025-02-18 00:47:36,829 - SistemaPonto - INFO - Sistema pausado
2025-02-18 00:47:41,829 - SistemaPonto - INFO - Sistema pausado
2025-02-18 00:47:46,830 - SistemaPonto - INFO - Sistema pausado
2025-02-18 00:47:51,831 - SistemaPonto - INFO - Sistema pausado
2025-02-18 00:47:56,831 - SistemaPonto - INFO - Sistema pausado
2025-02-18 00:48:01,833 - SistemaPonto - INFO - Sistema pausado
2025-02-18 00:48:06,833 - SistemaPonto - INFO - Sistema pausado
2025-02-18 00:48:11,834 - SistemaPonto - INFO - Sistema pausado
2025-02-18 00:48:16,835 - SistemaPonto - INFO - Sistema pausado
2025-02-18 00:48:21,835 - SistemaPonto - INFO - Sistema pausado
2025-02-18 00:48:26,836 - SistemaPonto - INFO - Sistema pausado
2025-02-18 00:48:31,836 - SistemaPonto - INFO - Sistema pausado
2025-02-18 00:48:36,837 - SistemaPonto - INFO - Sistema pausado
2025-02-18 00:48:41,837 - SistemaPonto - INFO - Sistema pausado
2025-02-18 00:48:46,838 - SistemaPonto - INFO - Sistema pausado
2025-02-18 00:48:51,839 - SistemaPonto - INFO - Sistema pausado
2025-02-18 00:48:56,839 - SistemaPonto - INFO - Sistema pausado
2025-02-18 00:49:01,840 - SistemaPonto - INFO - Sistema pausado
2025-02-18 00:49:06,841 - SistemaPonto - INFO - Sistema pausado
2025-02-18 00:49:11,841 - SistemaPonto - INFO - Sistema pausado
2025-02-18 00:49:16,842 - SistemaPonto - INFO - Sistema pausado
2025-02-18 00:49:21,842 - SistemaPonto - INFO - Sistema pausado
2025-02-18 00:49:26,843 - SistemaPonto - INFO - Sistema pausado
2025-02-18 00:49:31,844 - SistemaPonto - INFO - Sistema pausado
2025-02-18 00:49:36,844 - SistemaPonto - INFO - Sistema pausado
2025-02-18 00:49:41,844 - SistemaPonto - INFO - Sistema pausado
2025-02-18 00:49:46,845 - SistemaPonto - INFO - Sistema pausado
2025-02-18 00:49:51,846 - SistemaPonto - INFO - Sistema pausado
2025-02-18 00:49:56,846 - SistemaPonto - INFO - Sistema pausado
2025-02-18 00:50:01,846 - SistemaPonto - INFO - Sistema pausado
2025-02-18 00:50:06,847 - SistemaPonto - INFO - Sistema pausado
2025-02-18 00:50:11,847 - SistemaPonto - INFO - Sistema pausado
2025-02-18 00:50:16,848 - SistemaPonto - INFO - Sistema pausado
2025-02-18 00:50:21,849 - SistemaPonto - INFO - Sistema pausado
2025-02-18 00:50:26,849 - SistemaPonto - INFO - Sistema pausado
2025-02-18 00:50:31,850 - SistemaPonto - INFO - Sistema pausado
2025-02-18 00:50:36,850 - SistemaPonto - INFO - Sistema pausado
2025-02-18 00:50:41,851 - SistemaPonto - INFO - Sistema pausado
2025-02-18 00:50:46,852 - SistemaPonto - INFO - Sistema pausado
2025-02-18 00:50:51,853 - SistemaPonto - INFO - Sistema pausado
2025-02-18 00:50:56,853 - SistemaPonto - INFO - Sistema pausado
2025-02-18 00:51:01,854 - SistemaPonto - INFO - Sistema pausado
2025-02-18 00:51:06,855 - SistemaPonto - INFO - Sistema pausado
2025-02-18 00:51:11,855 - SistemaPonto - INFO - Sistema pausado
2025-02-18 00:51:16,856 - SistemaPonto - INFO - Sistema pausado
2025-02-18 00:51:21,857 - SistemaPonto - INFO - Sistema pausado
2025-02-18 00:51:26,857 - SistemaPonto - INFO - Sistema pausado
2025-02-18 00:51:31,858 - SistemaPonto - INFO - Sistema pausado
2025-02-18 00:51:36,858 - SistemaPonto - INFO - Sistema pausado
2025-02-18 00:51:41,859 - SistemaPonto - INFO - Sistema pausado
2025-02-18 00:51:46,860 - SistemaPonto - INFO - Sistema pausado
2025-02-18 00:51:51,860 - SistemaPonto - INFO - Sistema pausado
2025-02-18 00:51:56,861 - SistemaPonto - INFO - Sistema pausado
2025-02-18 00:52:01,861 - SistemaPonto - INFO - Sistema pausado
2025-02-18 00:52:06,862 - SistemaPonto - INFO - Sistema pausado
2025-02-18 00:52:11,864 - SistemaPonto - INFO - Sistema pausado
2025-02-18 00:52:16,864 - SistemaPonto - INFO - Sistema pausado
2025-02-18 00:52:21,865 - SistemaPonto - INFO - Sistema pausado
2025-02-18 00:52:26,866 - SistemaPonto - INFO - Sistema pausado
2025-02-18 00:52:31,867 - SistemaPonto - INFO - Sistema pausado
2025-02-18 00:52:36,868 - SistemaPonto - INFO - Sistema pausado
2025-02-18 00:52:41,868 - SistemaPonto - INFO - Sistema pausado
2025-02-18 00:52:46,869 - SistemaPonto - INFO - Sistema pausado
2025-02-18 00:52:51,869 - SistemaPonto - INFO - Sistema pausado
2025-02-18 00:52:56,870 - SistemaPonto - INFO - Sistema pausado
2025-02-18 00:53:01,871 - SistemaPonto - INFO - Sistema pausado
2025-02-18 00:53:06,871 - SistemaPonto - INFO - Sistema pausado
2025-02-18 00:53:11,872 - SistemaPonto - INFO - Sistema pausado
2025-02-18 00:53:16,872 - SistemaPonto - INFO - Sistema pausado
2025-02-18 00:53:21,873 - SistemaPonto - INFO - Sistema pausado
2025-02-18 00:53:26,875 - SistemaPonto - INFO - Sistema pausado
2025-02-18 00:53:31,876 - SistemaPonto - INFO - Sistema pausado
2025-02-18 00:53:36,876 - SistemaPonto - INFO - Sistema pausado
2025-02-18 00:53:41,876 - SistemaPonto - INFO - Sistema pausado
2025-02-18 00:53:46,877 - SistemaPonto - INFO - Sistema pausado
2025-02-18 00:53:51,878 - SistemaPonto - INFO - Sistema pausado
2025-02-18 00:53:56,879 - SistemaPonto - INFO - Sistema pausado
2025-02-18 00:54:01,879 - SistemaPonto - INFO - Sistema pausado
2025-02-18 00:54:06,880 - SistemaPonto - INFO - Sistema pausado
2025-02-18 00:54:11,881 - SistemaPonto - INFO - Sistema pausado
2025-02-18 00:54:16,882 - SistemaPonto - INFO - Sistema pausado
2025-02-18 00:54:21,883 - SistemaPonto - INFO - Sistema pausado
2025-02-18 00:54:26,883 - SistemaPonto - INFO - Sistema pausado
2025-02-18 00:54:31,884 - SistemaPonto - INFO - Sistema pausado
2025-02-18 00:54:36,885 - SistemaPonto - INFO - Sistema pausado
2025-02-18 00:54:41,886 - SistemaPonto - INFO - Sistema pausado
2025-02-18 00:54:46,887 - SistemaPonto - INFO - Sistema pausado
2025-02-18 00:54:51,888 - SistemaPonto - INFO - Sistema pausado
2025-02-18 00:54:56,888 - SistemaPonto - INFO - Sistema pausado
2025-02-18 00:55:01,888 - SistemaPonto - INFO - Sistema pausado
2025-02-18 00:55:06,889 - SistemaPonto - INFO - Sistema pausado
2025-02-18 00:55:11,889 - SistemaPonto - INFO - Sistema pausado
2025-02-18 00:55:16,890 - SistemaPonto - INFO - Sistema pausado
2025-02-18 00:55:21,890 - SistemaPonto - INFO - Sistema pausado
2025-02-18 00:55:26,891 - SistemaPonto - INFO - Sistema pausado
2025-02-18 00:55:31,891 - SistemaPonto - INFO - Sistema pausado
2025-02-18 00:55:36,892 - SistemaPonto - INFO - Sistema pausado
2025-02-18 00:55:41,893 - SistemaPonto - INFO - Sistema pausado
2025-02-18 00:55:46,893 - SistemaPonto - INFO - Sistema pausado
2025-02-18 00:55:51,894 - SistemaPonto - INFO - Sistema pausado
2025-02-18 00:55:56,894 - SistemaPonto - INFO - Sistema pausado
2025-02-18 00:56:01,895 - SistemaPonto - INFO - Sistema pausado
2025-02-18 00:56:06,896 - SistemaPonto - INFO - Sistema pausado
2025-02-18 00:56:11,897 - SistemaPonto - INFO - Sistema pausado
2025-02-18 00:56:16,897 - SistemaPonto - INFO - Sistema pausado
2025-02-18 00:56:21,898 - SistemaPonto - INFO - Sistema pausado
2025-02-18 00:56:26,898 - SistemaPonto - INFO - Sistema pausado
2025-02-18 00:56:31,899 - SistemaPonto - INFO - Sistema pausado
2025-02-18 00:56:35,491 - SistemaPonto - INFO - Recebido sinal de encerramento
2025-02-18 00:56:37,536 - SistemaPonto - INFO - Recebido sinal de encerramento
2025-02-18 00:56:48,005 - SistemaPonto - INFO - Iniciando Sistema de Ponto
2025-02-18 00:56:52,458 - SistemaPonto - INFO - Sistema iniciado
2025-02-18 00:56:52,459 - SistemaPonto - INFO - Sistema iniciado e aguardando
2025-02-18 07:17:30,848 - SistemaPonto - INFO - Iniciando Sistema de Ponto
2025-02-18 07:17:36,092 - SistemaPonto - INFO - Sistema iniciado
2025-02-18 07:17:36,092 - SistemaPonto - INFO - Sistema iniciado e aguardando
2025-02-18 08:30:31,709 - SistemaPonto - INFO - Iniciando Sistema de Ponto
2025-02-18 08:30:36,284 - SistemaPonto - INFO - Sistema iniciado
2025-02-18 08:30:36,285 - SistemaPonto - INFO - Sistema iniciado e aguardando
2025-02-18 08:31:11,589 - SistemaPonto - INFO - Sistema pausado
2025-02-18 08:31:16,590 - SistemaPonto - INFO - Sistema pausado
2025-02-18 08:31:21,590 - SistemaPonto - INFO - Sistema pausado
2025-02-18 08:31:26,591 - SistemaPonto - INFO - Sistema pausado
2025-02-18 08:31:31,591 - SistemaPonto - INFO - Sistema pausado
2025-02-18 08:31:36,592 - SistemaPonto - INFO - Sistema pausado
2025-02-18 08:31:41,592 - SistemaPonto - INFO - Sistema pausado
2025-02-18 08:31:46,593 - SistemaPonto - INFO - Sistema pausado
2025-02-18 08:31:51,594 - SistemaPonto - INFO - Sistema pausado
2025-02-18 08:31:56,595 - SistemaPonto - INFO - Sistema pausado
2025-02-18 08:32:01,595 - SistemaPonto - INFO - Sistema pausado
2025-02-18 08:32:07,369 - SistemaPonto - INFO - Iniciando Sistema de Ponto
2025-02-18 08:32:11,559 - SistemaPonto - INFO - Sistema iniciado
2025-02-18 08:32:11,559 - SistemaPonto - INFO - Sistema iniciado e aguardando
2025-02-18 08:33:00,288 - SistemaPonto - INFO - Iniciando Sistema de Ponto
2025-02-18 08:33:04,582 - SistemaPonto - INFO - Sistema iniciado
2025-02-18 08:33:04,582 - SistemaPonto - INFO - Sistema iniciado e aguardando
2025-02-18 08:33:31,747 - SistemaPonto - INFO - Iniciando Sistema de Ponto
2025-02-18 08:33:36,168 - SistemaPonto - INFO - Sistema iniciado
2025-02-18 08:33:36,169 - SistemaPonto - INFO - Sistema iniciado e aguardando
2025-02-18 20:26:35,236 - SistemaPonto - INFO - Iniciando Sistema de Ponto
2025-02-18 20:26:40,947 - SistemaPonto - INFO - Sistema iniciado
2025-02-18 20:26:40,947 - SistemaPonto - INFO - Sistema iniciado e aguardando
2025-02-18 20:27:24,486 - SistemaPonto - INFO - Iniciando Sistema de Ponto
2025-02-18 20:27:28,703 - SistemaPonto - INFO - Sistema iniciado
2025-02-18 20:27:28,703 - SistemaPonto - INFO - Sistema iniciado e aguardando
2025-02-18 20:42:25,017 - SistemaPonto - INFO - Iniciando Sistema de Ponto
2025-02-18 20:42:25,020 - SistemaPonto - CRITICAL - Erro fatal na inicialização: name 'sys' is not defined
2025-02-18 20:43:16,459 - SistemaPonto - INFO - Iniciando Sistema de Ponto
2025-02-18 20:43:16,461 - SistemaPonto - CRITICAL - Erro fatal na inicialização: name 'sys' is not defined
2025-02-18 20:46:18,681 - SistemaPonto - INFO - Iniciando Sistema de Ponto
2025-02-18 20:46:18,683 - SistemaPonto - CRITICAL - Erro fatal na inicialização: name 'sys' is not defined
2025-02-18 20:50:07,523 - SistemaPonto - INFO - Iniciando Sistema de Ponto
2025-02-18 20:50:10,875 - SistemaPonto - INFO - Sistema iniciado
2025-02-18 20:50:10,875 - SistemaPonto - INFO - Sistema iniciado e aguardando
